-encoding
UTF-8
-outxml
-source
1.6
-target
1.6
-classpath
/home/famramiba/.m2/repository/junit/junit/4.11/junit-4.11.jar:/home/famramiba/.m2/repository/log4j/log4j/1.2.17/log4j-1.2.17.jar:/home/famramiba/.m2/repository/org/slf4j/slf4j-api/1.7.5/slf4j-api-1.7.5.jar:/home/famramiba/.m2/repository/org/slf4j/jcl-over-slf4j/1.7.5/jcl-over-slf4j-1.7.5.jar:/home/famramiba/.m2/repository/org/slf4j/slf4j-log4j12/1.7.5/slf4j-log4j12-1.7.5.jar:/home/famramiba/.m2/repository/org/aspectj/aspectjrt/1.7.4/aspectjrt-1.7.4.jar:/home/famramiba/.m2/repository/org/aspectj/aspectjweaver/1.7.4/aspectjweaver-1.7.4.jar:/home/famramiba/.m2/repository/javax/servlet/servlet-api/2.5/servlet-api-2.5.jar:/home/famramiba/.m2/repository/net/sf/flexjson/flexjson/2.1/flexjson-2.1.jar:/home/famramiba/.m2/repository/org/apache/commons/commons-lang3/3.1/commons-lang3-3.1.jar:/home/famramiba/.m2/repository/org/springframework/roo/org.springframework.roo.annotations/1.2.5.RELEASE/org.springframework.roo.annotations-1.2.5.RELEASE.jar:/home/famramiba/.m2/repository/org/springframework/spring-core/3.2.6.RELEASE/spring-core-3.2.6.RELEASE.jar:/home/famramiba/.m2/repository/org/springframework/spring-test/3.2.6.RELEASE/spring-test-3.2.6.RELEASE.jar:/home/famramiba/.m2/repository/org/springframework/spring-context/3.2.6.RELEASE/spring-context-3.2.6.RELEASE.jar:/home/famramiba/.m2/repository/org/springframework/spring-aop/3.2.6.RELEASE/spring-aop-3.2.6.RELEASE.jar:/home/famramiba/.m2/repository/org/springframework/spring-aspects/3.2.6.RELEASE/spring-aspects-3.2.6.RELEASE.jar:/home/famramiba/.m2/repository/mysql/mysql-connector-java/5.1.18/mysql-connector-java-5.1.18.jar:/home/famramiba/.m2/repository/org/hibernate/hibernate-core/4.2.2.Final/hibernate-core-4.2.2.Final.jar:/home/famramiba/.m2/repository/org/hibernate/hibernate-entitymanager/4.2.2.Final/hibernate-entitymanager-4.2.2.Final.jar:/home/famramiba/.m2/repository/org/hibernate/javax/persistence/hibernate-jpa-2.0-api/1.0.1.Final/hibernate-jpa-2.0-api-1.0.1.Final.jar:/home/famramiba/.m2/repository/commons-collections/commons-collections/3.2.1/commons-collections-3.2.1.jar:/home/famramiba/.m2/repository/org/hibernate/hibernate-validator/4.3.1.Final/hibernate-validator-4.3.1.Final.jar:/home/famramiba/.m2/repository/javax/validation/validation-api/1.0.0.GA/validation-api-1.0.0.GA.jar:/home/famramiba/.m2/repository/javax/transaction/jta/1.1/jta-1.1.jar:/home/famramiba/.m2/repository/org/springframework/spring-jdbc/3.2.6.RELEASE/spring-jdbc-3.2.6.RELEASE.jar:/home/famramiba/.m2/repository/org/springframework/spring-orm/3.2.6.RELEASE/spring-orm-3.2.6.RELEASE.jar:/home/famramiba/.m2/repository/commons-pool/commons-pool/1.5.6/commons-pool-1.5.6.jar:/home/famramiba/.m2/repository/commons-dbcp/commons-dbcp/1.4/commons-dbcp-1.4.jar:/home/famramiba/.m2/repository/org/springframework/spring-webmvc/3.2.6.RELEASE/spring-webmvc-3.2.6.RELEASE.jar:/home/famramiba/.m2/repository/org/springframework/webflow/spring-js-resources/2.2.1.RELEASE/spring-js-resources-2.2.1.RELEASE.jar:/home/famramiba/.m2/repository/commons-digester/commons-digester/2.1/commons-digester-2.1.jar:/home/famramiba/.m2/repository/commons-fileupload/commons-fileupload/1.2.2/commons-fileupload-1.2.2.jar:/home/famramiba/.m2/repository/javax/servlet/jsp/jstl/jstl-api/1.2/jstl-api-1.2.jar:/home/famramiba/.m2/repository/org/glassfish/web/jstl-impl/1.2/jstl-impl-1.2.jar:/home/famramiba/.m2/repository/javax/el/el-api/2.2/el-api-2.2.jar:/home/famramiba/.m2/repository/joda-time/joda-time/1.6/joda-time-1.6.jar:/home/famramiba/.m2/repository/javax/servlet/jsp/jsp-api/2.1/jsp-api-2.1.jar:/home/famramiba/.m2/repository/commons-codec/commons-codec/1.5/commons-codec-1.5.jar:/home/famramiba/.m2/repository/org/apache/tiles/tiles-jsp/2.2.2/tiles-jsp-2.2.2.jar:/home/famramiba/.m2/repository/org/springframework/security/spring-security-core/3.1.0.RELEASE/spring-security-core-3.1.0.RELEASE.jar:/home/famramiba/.m2/repository/org/springframework/security/spring-security-config/3.1.0.RELEASE/spring-security-config-3.1.0.RELEASE.jar:/home/famramiba/.m2/repository/org/springframework/security/spring-security-web/3.1.0.RELEASE/spring-security-web-3.1.0.RELEASE.jar:/home/famramiba/.m2/repository/org/springframework/security/spring-security-taglibs/3.1.0.RELEASE/spring-security-taglibs-3.1.0.RELEASE.jar:/home/famramiba/.m2/repository/commons-io/commons-io/2.4/commons-io-2.4.jar:/home/famramiba/.m2/repository/org/springframework/spring-beans/3.2.6.RELEASE/spring-beans-3.2.6.RELEASE.jar:/home/famramiba/.m2/repository/org/springframework/spring-expression/3.2.6.RELEASE/spring-expression-3.2.6.RELEASE.jar:/home/famramiba/.m2/repository/aopalliance/aopalliance/1.0/aopalliance-1.0.jar:/home/famramiba/.m2/repository/org/springframework/spring-context-support/3.2.6.RELEASE/spring-context-support-3.2.6.RELEASE.jar:/home/famramiba/.m2/repository/antlr/antlr/2.7.7/antlr-2.7.7.jar:/home/famramiba/.m2/repository/org/jboss/logging/jboss-logging/3.1.0.GA/jboss-logging-3.1.0.GA.jar:/home/famramiba/.m2/repository/dom4j/dom4j/1.6.1/dom4j-1.6.1.jar:/home/famramiba/.m2/repository/org/jboss/spec/javax/transaction/jboss-transaction-api_1.1_spec/1.0.1.Final/jboss-transaction-api_1.1_spec-1.0.1.Final.jar:/home/famramiba/.m2/repository/org/hibernate/common/hibernate-commons-annotations/4.0.2.Final/hibernate-commons-annotations-4.0.2.Final.jar:/home/famramiba/.m2/repository/org/javassist/javassist/3.15.0-GA/javassist-3.15.0-GA.jar:/home/famramiba/.m2/repository/org/springframework/spring-tx/3.2.6.RELEASE/spring-tx-3.2.6.RELEASE.jar:/home/famramiba/.m2/repository/org/springframework/spring-web/3.2.6.RELEASE/spring-web-3.2.6.RELEASE.jar:/home/famramiba/.m2/repository/commons-beanutils/commons-beanutils/1.8.3/commons-beanutils-1.8.3.jar:/home/famramiba/.m2/repository/org/apache/tiles/tiles-servlet/2.2.2/tiles-servlet-2.2.2.jar:/home/famramiba/.m2/repository/org/apache/tiles/tiles-core/2.2.2/tiles-core-2.2.2.jar:/home/famramiba/.m2/repository/org/apache/tiles/tiles-template/2.2.2/tiles-template-2.2.2.jar:/home/famramiba/.m2/repository/org/apache/tiles/tiles-api/2.2.2/tiles-api-2.2.2.jar:/home/famramiba/.m2/repository/org/springframework/security/spring-security-crypto/3.1.0.RELEASE/spring-security-crypto-3.1.0.RELEASE.jar:/home/famramiba/.m2/repository/org/springframework/security/spring-security-acl/3.1.0.RELEASE/spring-security-acl-3.1.0.RELEASE.jar:/home/famramiba/Erik/SACF/v-0.2/target/classes
-aspectpath
/home/famramiba/.m2/repository/org/springframework/spring-aspects/3.2.6.RELEASE/spring-aspects-3.2.6.RELEASE.jar
-d
/home/famramiba/Erik/SACF/v-0.2/target/classes
/home/famramiba/Erik/SACF/v-0.2/src/main/java/com/raze/cancha/domain/CedulaPartido.java
/home/famramiba/Erik/SACF/v-0.2/src/main/java/com/raze/cancha/domain/ConfiguracionTorneo.java
/home/famramiba/Erik/SACF/v-0.2/src/main/java/com/raze/cancha/domain/Horario.java
/home/famramiba/Erik/SACF/v-0.2/src/main/java/com/raze/cancha/domain/Usuario.java
/home/famramiba/Erik/SACF/v-0.2/src/main/java/com/raze/cancha/domain/Estadisticas.java
/home/famramiba/Erik/SACF/v-0.2/src/main/java/com/raze/cancha/domain/Cargo.java
/home/famramiba/Erik/SACF/v-0.2/src/main/java/com/raze/cancha/domain/Alineacion.java
/home/famramiba/Erik/SACF/v-0.2/src/main/java/com/raze/cancha/domain/Partido.java
/home/famramiba/Erik/SACF/v-0.2/src/main/java/com/raze/cancha/domain/ControlPago.java
/home/famramiba/Erik/SACF/v-0.2/src/main/java/com/raze/cancha/domain/PagoHecho.java
/home/famramiba/Erik/SACF/v-0.2/src/main/java/com/raze/cancha/domain/Cancha.java
/home/famramiba/Erik/SACF/v-0.2/src/main/java/com/raze/cancha/domain/Sucursal.java
/home/famramiba/Erik/SACF/v-0.2/src/main/java/com/raze/cancha/domain/TorneoEquipo.java
/home/famramiba/Erik/SACF/v-0.2/src/main/java/com/raze/cancha/domain/Equipo.java
/home/famramiba/Erik/SACF/v-0.2/src/main/java/com/raze/cancha/domain/Abono.java
/home/famramiba/Erik/SACF/v-0.2/src/main/java/com/raze/cancha/domain/Jugador.java
/home/famramiba/Erik/SACF/v-0.2/src/main/java/com/raze/cancha/domain/Empresa.java
/home/famramiba/Erik/SACF/v-0.2/src/main/java/com/raze/cancha/domain/Torneo.java
/home/famramiba/Erik/SACF/v-0.2/src/main/java/com/raze/cancha/catalog/TipoPartido.java
/home/famramiba/Erik/SACF/v-0.2/src/main/java/com/raze/cancha/catalog/StatusCargoAbono.java
/home/famramiba/Erik/SACF/v-0.2/src/main/java/com/raze/cancha/catalog/TipoTarjeta.java
/home/famramiba/Erik/SACF/v-0.2/src/main/java/com/raze/cancha/catalog/ConceptoCobro.java
/home/famramiba/Erik/SACF/v-0.2/src/main/java/com/raze/cancha/catalog/DiasJuego.java
/home/famramiba/Erik/SACF/v-0.2/src/main/java/com/raze/cancha/catalog/Posicion.java
/home/famramiba/Erik/SACF/v-0.2/src/main/java/com/raze/cancha/catalog/Accion.java
/home/famramiba/Erik/SACF/v-0.2/src/main/java/com/raze/cancha/catalog/StatusCedula.java
/home/famramiba/Erik/SACF/v-0.2/src/main/java/com/raze/cancha/catalog/Rol.java
/home/famramiba/Erik/SACF/v-0.2/src/main/java/com/raze/cancha/catalog/FechaVencimientoTC.java
/home/famramiba/Erik/SACF/v-0.2/src/main/java/com/raze/cancha/catalog/MetodoPago.java
/home/famramiba/Erik/SACF/v-0.2/src/main/java/com/raze/cancha/catalog/TipoCobro.java
/home/famramiba/Erik/SACF/v-0.2/src/main/java/com/raze/cancha/catalog/StatusPartido.java
/home/famramiba/Erik/SACF/v-0.2/src/main/java/com/raze/cancha/catalog/Descuento.java
/home/famramiba/Erik/SACF/v-0.2/src/main/java/com/raze/cancha/catalog/StatusEquipoJugador.java
/home/famramiba/Erik/SACF/v-0.2/src/main/java/com/raze/cancha/controller/RolController.java
/home/famramiba/Erik/SACF/v-0.2/src/main/java/com/raze/cancha/controller/TorneoEquipoController.java
/home/famramiba/Erik/SACF/v-0.2/src/main/java/com/raze/cancha/controller/EquipoController.java
/home/famramiba/Erik/SACF/v-0.2/src/main/java/com/raze/cancha/controller/UsuarioController.java
/home/famramiba/Erik/SACF/v-0.2/src/main/java/com/raze/cancha/controller/StatusCedulaController.java
/home/famramiba/Erik/SACF/v-0.2/src/main/java/com/raze/cancha/controller/TipoPartidoController.java
/home/famramiba/Erik/SACF/v-0.2/src/main/java/com/raze/cancha/controller/CargoController.java
/home/famramiba/Erik/SACF/v-0.2/src/main/java/com/raze/cancha/controller/CedulaPartidoController.java
/home/famramiba/Erik/SACF/v-0.2/src/main/java/com/raze/cancha/controller/DiasJuegoController.java
/home/famramiba/Erik/SACF/v-0.2/src/main/java/com/raze/cancha/controller/PartidoController.java
/home/famramiba/Erik/SACF/v-0.2/src/main/java/com/raze/cancha/controller/SucursalController.java
/home/famramiba/Erik/SACF/v-0.2/src/main/java/com/raze/cancha/controller/EmpresaController.java
/home/famramiba/Erik/SACF/v-0.2/src/main/java/com/raze/cancha/controller/ControlPagoController.java
/home/famramiba/Erik/SACF/v-0.2/src/main/java/com/raze/cancha/controller/AbonoController.java
/home/famramiba/Erik/SACF/v-0.2/src/main/java/com/raze/cancha/controller/EstadisticasController.java
/home/famramiba/Erik/SACF/v-0.2/src/main/java/com/raze/cancha/controller/AlineacionController.java
/home/famramiba/Erik/SACF/v-0.2/src/main/java/com/raze/cancha/controller/FechaVencimientoTCController.java
/home/famramiba/Erik/SACF/v-0.2/src/main/java/com/raze/cancha/controller/TorneoController.java
/home/famramiba/Erik/SACF/v-0.2/src/main/java/com/raze/cancha/controller/MetodoPagoController.java
/home/famramiba/Erik/SACF/v-0.2/src/main/java/com/raze/cancha/controller/JugadorController.java
/home/famramiba/Erik/SACF/v-0.2/src/main/java/com/raze/cancha/controller/ConceptoCobroController.java
/home/famramiba/Erik/SACF/v-0.2/src/main/java/com/raze/cancha/controller/StatusEquipoJugadorController.java
/home/famramiba/Erik/SACF/v-0.2/src/main/java/com/raze/cancha/controller/DescuentoController.java
/home/famramiba/Erik/SACF/v-0.2/src/main/java/com/raze/cancha/controller/ConfiguracionTorneoController.java
/home/famramiba/Erik/SACF/v-0.2/src/main/java/com/raze/cancha/controller/TipoCobroController.java
/home/famramiba/Erik/SACF/v-0.2/src/main/java/com/raze/cancha/controller/TipoTarjetaController.java
/home/famramiba/Erik/SACF/v-0.2/src/main/java/com/raze/cancha/controller/PosicionController.java
/home/famramiba/Erik/SACF/v-0.2/src/main/java/com/raze/cancha/controller/HorarioController.java
/home/famramiba/Erik/SACF/v-0.2/src/main/java/com/raze/cancha/controller/ApplicationConversionServiceFactoryBean.java
/home/famramiba/Erik/SACF/v-0.2/src/main/java/com/raze/cancha/controller/StatusCargoAbonoController.java
/home/famramiba/Erik/SACF/v-0.2/src/main/java/com/raze/cancha/controller/AccionController.java
/home/famramiba/Erik/SACF/v-0.2/src/main/java/com/raze/cancha/controller/PagoHechoController.java
/home/famramiba/Erik/SACF/v-0.2/src/main/java/com/raze/cancha/controller/CanchaController.java
/home/famramiba/Erik/SACF/v-0.2/src/main/java/com/raze/cancha/controller/StatusPartidoController.java
